2012-12-20T19:55:02+00:00 ERR (3): 
exception 'Mage_Core_Exception' with message 'Invalid block type: Mage_Promotion_Block_Promotion' in E:\My Company\gobuylah\Wip\Source\app\Mage.php:594
Stack trace:
#0 E:\My Company\gobuylah\Wip\Source\app\code\core\Mage\Core\Model\Layout.php(495): Mage::throwException('Invalid block t...')
#1 E:\My Company\gobuylah\Wip\Source\app\code\core\Mage\Core\Model\Layout.php(437): Mage_Core_Model_Layout->_getBlockInstance('promotion/promo...', Array)
#2 E:\My Company\gobuylah\Wip\Source\app\code\core\Mage\Core\Model\Layout.php(472): Mage_Core_Model_Layout->createBlock('promotion/promo...', 'promotion_produ...')
#3 E:\My Company\gobuylah\Wip\Source\app\code\core\Mage\Core\Model\Layout.php(239): Mage_Core_Model_Layout->addBlock('promotion/promo...', 'promotion_produ...')
#4 E:\My Company\gobuylah\Wip\Source\app\code\core\Mage\Core\Model\Layout.php(205): Mage_Core_Model_Layout->_generateBlock(Object(Mage_Core_Model_Layout_Element), Object(Mage_Core_Model_Layout_Element))
#5 E:\My Company\gobuylah\Wip\Source\app\code\core\Mage\Core\Model\Layout.php(206): Mage_Core_Model_Layout->generateBlocks(Object(Mage_Core_Model_Layout_Element))
#6 E:\My Company\gobuylah\Wip\Source\app\code\core\Mage\Core\Controller\Varien\Action.php(344): Mage_Core_Model_Layout->generateBlocks()
#7 E:\My Company\gobuylah\Wip\Source\app\code\core\Mage\Core\Controller\Varien\Action.php(269): Mage_Core_Controller_Varien_Action->generateLayoutBlocks()
#8 E:\My Company\gobuylah\Wip\Source\app\code\local\Gobuylah\C2c\controllers\SellerController.php(13): Mage_Core_Controller_Varien_Action->loadLayout()
#9 E:\My Company\gobuylah\Wip\Source\app\code\core\Mage\Core\Controller\Varien\Action.php(419): Gobuylah_C2c_SellerController->addproductAction()
#10 E:\My Company\gobuylah\Wip\Source\app\code\core\Mage\Core\Controller\Varien\Router\Standard.php(250): Mage_Core_Controller_Varien_Action->dispatch('addproduct')
#11 E:\My Company\gobuylah\Wip\Source\app\code\core\Mage\Core\Controller\Varien\Front.php(176): Mage_Core_Controller_Varien_Router_Standard->match(Object(Mage_Core_Controller_Request_Http))
#12 E:\My Company\gobuylah\Wip\Source\app\code\core\Mage\Core\Model\App.php(354): Mage_Core_Controller_Varien_Front->dispatch()
#13 E:\My Company\gobuylah\Wip\Source\app\Mage.php(683): Mage_Core_Model_App->run(Array)
#14 E:\My Company\gobuylah\Wip\Source\index.php(87): Mage::run('', 'store')
#15 {main}
2012-12-20T19:55:02+00:00 ERR (3): 
exception 'Mage_Core_Exception' with message 'Invalid block type: Mage_Featuredproduct_Block_Featuredproduct' in E:\My Company\gobuylah\Wip\Source\app\Mage.php:594
Stack trace:
#0 E:\My Company\gobuylah\Wip\Source\app\code\core\Mage\Core\Model\Layout.php(495): Mage::throwException('Invalid block t...')
#1 E:\My Company\gobuylah\Wip\Source\app\code\core\Mage\Core\Model\Layout.php(437): Mage_Core_Model_Layout->_getBlockInstance('featuredproduct...', Array)
#2 E:\My Company\gobuylah\Wip\Source\app\code\core\Mage\Core\Model\Layout.php(472): Mage_Core_Model_Layout->createBlock('featuredproduct...', 'featuredproduct')
#3 E:\My Company\gobuylah\Wip\Source\app\code\core\Mage\Core\Model\Layout.php(239): Mage_Core_Model_Layout->addBlock('featuredproduct...', 'featuredproduct')
#4 E:\My Company\gobuylah\Wip\Source\app\code\core\Mage\Core\Model\Layout.php(205): Mage_Core_Model_Layout->_generateBlock(Object(Mage_Core_Model_Layout_Element), Object(Mage_Core_Model_Layout_Element))
#5 E:\My Company\gobuylah\Wip\Source\app\code\core\Mage\Core\Model\Layout.php(206): Mage_Core_Model_Layout->generateBlocks(Object(Mage_Core_Model_Layout_Element))
#6 E:\My Company\gobuylah\Wip\Source\app\code\core\Mage\Core\Controller\Varien\Action.php(344): Mage_Core_Model_Layout->generateBlocks()
#7 E:\My Company\gobuylah\Wip\Source\app\code\core\Mage\Core\Controller\Varien\Action.php(269): Mage_Core_Controller_Varien_Action->generateLayoutBlocks()
#8 E:\My Company\gobuylah\Wip\Source\app\code\local\Gobuylah\C2c\controllers\SellerController.php(13): Mage_Core_Controller_Varien_Action->loadLayout()
#9 E:\My Company\gobuylah\Wip\Source\app\code\core\Mage\Core\Controller\Varien\Action.php(419): Gobuylah_C2c_SellerController->addproductAction()
#10 E:\My Company\gobuylah\Wip\Source\app\code\core\Mage\Core\Controller\Varien\Router\Standard.php(250): Mage_Core_Controller_Varien_Action->dispatch('addproduct')
#11 E:\My Company\gobuylah\Wip\Source\app\code\core\Mage\Core\Controller\Varien\Front.php(176): Mage_Core_Controller_Varien_Router_Standard->match(Object(Mage_Core_Controller_Request_Http))
#12 E:\My Company\gobuylah\Wip\Source\app\code\core\Mage\Core\Model\App.php(354): Mage_Core_Controller_Varien_Front->dispatch()
#13 E:\My Company\gobuylah\Wip\Source\app\Mage.php(683): Mage_Core_Model_App->run(Array)
#14 E:\My Company\gobuylah\Wip\Source\index.php(87): Mage::run('', 'store')
#15 {main}
2012-12-21T14:42:28+00:00 ERR (3): 
exception 'Mage_Core_Exception' with message 'Invalid block type: Mage_Promotion_Block_Promotion' in D:\MyCompany\go_buy_lah\Source\app\Mage.php:594
Stack trace:
#0 D:\MyCompany\go_buy_lah\Source\app\code\core\Mage\Core\Model\Layout.php(495): Mage::throwException('Invalid block t...')
#1 D:\MyCompany\go_buy_lah\Source\app\code\core\Mage\Core\Model\Layout.php(437): Mage_Core_Model_Layout->_getBlockInstance('promotion/promo...', Array)
#2 D:\MyCompany\go_buy_lah\Source\app\code\core\Mage\Core\Model\Layout.php(472): Mage_Core_Model_Layout->createBlock('promotion/promo...', 'promotion_produ...')
#3 D:\MyCompany\go_buy_lah\Source\app\code\core\Mage\Core\Model\Layout.php(239): Mage_Core_Model_Layout->addBlock('promotion/promo...', 'promotion_produ...')
#4 D:\MyCompany\go_buy_lah\Source\app\code\core\Mage\Core\Model\Layout.php(205): Mage_Core_Model_Layout->_generateBlock(Object(Mage_Core_Model_Layout_Element), Object(Mage_Core_Model_Layout_Element))
#5 D:\MyCompany\go_buy_lah\Source\app\code\core\Mage\Core\Model\Layout.php(206): Mage_Core_Model_Layout->generateBlocks(Object(Mage_Core_Model_Layout_Element))
#6 D:\MyCompany\go_buy_lah\Source\app\code\core\Mage\Core\Controller\Varien\Action.php(344): Mage_Core_Model_Layout->generateBlocks()
#7 D:\MyCompany\go_buy_lah\Source\app\code\core\Mage\Cms\Helper\Page.php(113): Mage_Core_Controller_Varien_Action->generateLayoutBlocks()
#8 D:\MyCompany\go_buy_lah\Source\app\code\core\Mage\Cms\Helper\Page.php(52): Mage_Cms_Helper_Page->_renderPage(Object(Mage_Cms_IndexController), 'home')
#9 D:\MyCompany\go_buy_lah\Source\app\code\core\Mage\Cms\controllers\IndexController.php(45): Mage_Cms_Helper_Page->renderPage(Object(Mage_Cms_IndexController), 'home')
#10 D:\MyCompany\go_buy_lah\Source\app\code\core\Mage\Core\Controller\Varien\Action.php(419): Mage_Cms_IndexController->indexAction()
#11 D:\MyCompany\go_buy_lah\Source\app\code\core\Mage\Core\Controller\Varien\Router\Standard.php(250): Mage_Core_Controller_Varien_Action->dispatch('index')
#12 D:\MyCompany\go_buy_lah\Source\app\code\core\Mage\Core\Controller\Varien\Front.php(176): Mage_Core_Controller_Varien_Router_Standard->match(Object(Mage_Core_Controller_Request_Http))
#13 D:\MyCompany\go_buy_lah\Source\app\code\core\Mage\Core\Model\App.php(354): Mage_Core_Controller_Varien_Front->dispatch()
#14 D:\MyCompany\go_buy_lah\Source\app\Mage.php(683): Mage_Core_Model_App->run(Array)
#15 D:\MyCompany\go_buy_lah\Source\index.php(87): Mage::run('', 'store')
#16 {main}
2012-12-21T14:42:28+00:00 ERR (3): 
exception 'Mage_Core_Exception' with message 'Invalid block type: Mage_Featuredproduct_Block_Featuredproduct' in D:\MyCompany\go_buy_lah\Source\app\Mage.php:594
Stack trace:
#0 D:\MyCompany\go_buy_lah\Source\app\code\core\Mage\Core\Model\Layout.php(495): Mage::throwException('Invalid block t...')
#1 D:\MyCompany\go_buy_lah\Source\app\code\core\Mage\Core\Model\Layout.php(437): Mage_Core_Model_Layout->_getBlockInstance('featuredproduct...', Array)
#2 D:\MyCompany\go_buy_lah\Source\app\code\core\Mage\Core\Model\Layout.php(472): Mage_Core_Model_Layout->createBlock('featuredproduct...', 'featuredproduct')
#3 D:\MyCompany\go_buy_lah\Source\app\code\core\Mage\Core\Model\Layout.php(239): Mage_Core_Model_Layout->addBlock('featuredproduct...', 'featuredproduct')
#4 D:\MyCompany\go_buy_lah\Source\app\code\core\Mage\Core\Model\Layout.php(205): Mage_Core_Model_Layout->_generateBlock(Object(Mage_Core_Model_Layout_Element), Object(Mage_Core_Model_Layout_Element))
#5 D:\MyCompany\go_buy_lah\Source\app\code\core\Mage\Core\Model\Layout.php(206): Mage_Core_Model_Layout->generateBlocks(Object(Mage_Core_Model_Layout_Element))
#6 D:\MyCompany\go_buy_lah\Source\app\code\core\Mage\Core\Controller\Varien\Action.php(344): Mage_Core_Model_Layout->generateBlocks()
#7 D:\MyCompany\go_buy_lah\Source\app\code\core\Mage\Cms\Helper\Page.php(113): Mage_Core_Controller_Varien_Action->generateLayoutBlocks()
#8 D:\MyCompany\go_buy_lah\Source\app\code\core\Mage\Cms\Helper\Page.php(52): Mage_Cms_Helper_Page->_renderPage(Object(Mage_Cms_IndexController), 'home')
#9 D:\MyCompany\go_buy_lah\Source\app\code\core\Mage\Cms\controllers\IndexController.php(45): Mage_Cms_Helper_Page->renderPage(Object(Mage_Cms_IndexController), 'home')
#10 D:\MyCompany\go_buy_lah\Source\app\code\core\Mage\Core\Controller\Varien\Action.php(419): Mage_Cms_IndexController->indexAction()
#11 D:\MyCompany\go_buy_lah\Source\app\code\core\Mage\Core\Controller\Varien\Router\Standard.php(250): Mage_Core_Controller_Varien_Action->dispatch('index')
#12 D:\MyCompany\go_buy_lah\Source\app\code\core\Mage\Core\Controller\Varien\Front.php(176): Mage_Core_Controller_Varien_Router_Standard->match(Object(Mage_Core_Controller_Request_Http))
#13 D:\MyCompany\go_buy_lah\Source\app\code\core\Mage\Core\Model\App.php(354): Mage_Core_Controller_Varien_Front->dispatch()
#14 D:\MyCompany\go_buy_lah\Source\app\Mage.php(683): Mage_Core_Model_App->run(Array)
#15 D:\MyCompany\go_buy_lah\Source\index.php(87): Mage::run('', 'store')
#16 {main}
2012-12-21T14:44:37+00:00 ERR (3): 
exception 'Mage_Core_Exception' with message 'Invalid block type: Mage_Promotion_Block_Promotion' in D:\MyCompany\go_buy_lah\Source\app\Mage.php:594
Stack trace:
#0 D:\MyCompany\go_buy_lah\Source\app\code\core\Mage\Core\Model\Layout.php(495): Mage::throwException('Invalid block t...')
#1 D:\MyCompany\go_buy_lah\Source\app\code\core\Mage\Core\Model\Layout.php(437): Mage_Core_Model_Layout->_getBlockInstance('promotion/promo...', Array)
#2 D:\MyCompany\go_buy_lah\Source\app\code\core\Mage\Core\Model\Layout.php(472): Mage_Core_Model_Layout->createBlock('promotion/promo...', 'promotion_produ...')
#3 D:\MyCompany\go_buy_lah\Source\app\code\core\Mage\Core\Model\Layout.php(239): Mage_Core_Model_Layout->addBlock('promotion/promo...', 'promotion_produ...')
#4 D:\MyCompany\go_buy_lah\Source\app\code\core\Mage\Core\Model\Layout.php(205): Mage_Core_Model_Layout->_generateBlock(Object(Mage_Core_Model_Layout_Element), Object(Mage_Core_Model_Layout_Element))
#5 D:\MyCompany\go_buy_lah\Source\app\code\core\Mage\Core\Model\Layout.php(206): Mage_Core_Model_Layout->generateBlocks(Object(Mage_Core_Model_Layout_Element))
#6 D:\MyCompany\go_buy_lah\Source\app\code\core\Mage\Core\Controller\Varien\Action.php(344): Mage_Core_Model_Layout->generateBlocks()
#7 D:\MyCompany\go_buy_lah\Source\app\code\core\Mage\Cms\Helper\Page.php(113): Mage_Core_Controller_Varien_Action->generateLayoutBlocks()
#8 D:\MyCompany\go_buy_lah\Source\app\code\core\Mage\Cms\Helper\Page.php(52): Mage_Cms_Helper_Page->_renderPage(Object(Mage_Cms_IndexController), 'home')
#9 D:\MyCompany\go_buy_lah\Source\app\code\core\Mage\Cms\controllers\IndexController.php(45): Mage_Cms_Helper_Page->renderPage(Object(Mage_Cms_IndexController), 'home')
#10 D:\MyCompany\go_buy_lah\Source\app\code\core\Mage\Core\Controller\Varien\Action.php(419): Mage_Cms_IndexController->indexAction()
#11 D:\MyCompany\go_buy_lah\Source\app\code\core\Mage\Core\Controller\Varien\Router\Standard.php(250): Mage_Core_Controller_Varien_Action->dispatch('index')
#12 D:\MyCompany\go_buy_lah\Source\app\code\core\Mage\Core\Controller\Varien\Front.php(176): Mage_Core_Controller_Varien_Router_Standard->match(Object(Mage_Core_Controller_Request_Http))
#13 D:\MyCompany\go_buy_lah\Source\app\code\core\Mage\Core\Model\App.php(354): Mage_Core_Controller_Varien_Front->dispatch()
#14 D:\MyCompany\go_buy_lah\Source\app\Mage.php(683): Mage_Core_Model_App->run(Array)
#15 D:\MyCompany\go_buy_lah\Source\index.php(87): Mage::run('', 'store')
#16 {main}
2012-12-21T14:44:37+00:00 ERR (3): 
exception 'Mage_Core_Exception' with message 'Invalid block type: Mage_Featuredproduct_Block_Featuredproduct' in D:\MyCompany\go_buy_lah\Source\app\Mage.php:594
Stack trace:
#0 D:\MyCompany\go_buy_lah\Source\app\code\core\Mage\Core\Model\Layout.php(495): Mage::throwException('Invalid block t...')
#1 D:\MyCompany\go_buy_lah\Source\app\code\core\Mage\Core\Model\Layout.php(437): Mage_Core_Model_Layout->_getBlockInstance('featuredproduct...', Array)
#2 D:\MyCompany\go_buy_lah\Source\app\code\core\Mage\Core\Model\Layout.php(472): Mage_Core_Model_Layout->createBlock('featuredproduct...', 'featuredproduct')
#3 D:\MyCompany\go_buy_lah\Source\app\code\core\Mage\Core\Model\Layout.php(239): Mage_Core_Model_Layout->addBlock('featuredproduct...', 'featuredproduct')
#4 D:\MyCompany\go_buy_lah\Source\app\code\core\Mage\Core\Model\Layout.php(205): Mage_Core_Model_Layout->_generateBlock(Object(Mage_Core_Model_Layout_Element), Object(Mage_Core_Model_Layout_Element))
#5 D:\MyCompany\go_buy_lah\Source\app\code\core\Mage\Core\Model\Layout.php(206): Mage_Core_Model_Layout->generateBlocks(Object(Mage_Core_Model_Layout_Element))
#6 D:\MyCompany\go_buy_lah\Source\app\code\core\Mage\Core\Controller\Varien\Action.php(344): Mage_Core_Model_Layout->generateBlocks()
#7 D:\MyCompany\go_buy_lah\Source\app\code\core\Mage\Cms\Helper\Page.php(113): Mage_Core_Controller_Varien_Action->generateLayoutBlocks()
#8 D:\MyCompany\go_buy_lah\Source\app\code\core\Mage\Cms\Helper\Page.php(52): Mage_Cms_Helper_Page->_renderPage(Object(Mage_Cms_IndexController), 'home')
#9 D:\MyCompany\go_buy_lah\Source\app\code\core\Mage\Cms\controllers\IndexController.php(45): Mage_Cms_Helper_Page->renderPage(Object(Mage_Cms_IndexController), 'home')
#10 D:\MyCompany\go_buy_lah\Source\app\code\core\Mage\Core\Controller\Varien\Action.php(419): Mage_Cms_IndexController->indexAction()
#11 D:\MyCompany\go_buy_lah\Source\app\code\core\Mage\Core\Controller\Varien\Router\Standard.php(250): Mage_Core_Controller_Varien_Action->dispatch('index')
#12 D:\MyCompany\go_buy_lah\Source\app\code\core\Mage\Core\Controller\Varien\Front.php(176): Mage_Core_Controller_Varien_Router_Standard->match(Object(Mage_Core_Controller_Request_Http))
#13 D:\MyCompany\go_buy_lah\Source\app\code\core\Mage\Core\Model\App.php(354): Mage_Core_Controller_Varien_Front->dispatch()
#14 D:\MyCompany\go_buy_lah\Source\app\Mage.php(683): Mage_Core_Model_App->run(Array)
#15 D:\MyCompany\go_buy_lah\Source\index.php(87): Mage::run('', 'store')
#16 {main}
